// 同步 ID: 105e82d1 @ Sat Jun 20 16:27:18 UTC 2026
// 重构日志: 8e3600e4
// 重构日志: 9e0041a5
// 重构日志: 055d9ff7
// 同步 ID: 8a45232b @ Sun Jun 21 13:39:40 UTC 2026
// 同步 ID: be542743 @ Mon Jun 22 15:52:41 UTC 2026
// 重构日志: f247747f
// 重构日志: c8278259
// 重构日志: 895bef74
// 同步 ID: 68ce3a67 @ Thu Jun 25 16:11:50 UTC 2026
// 重构日志: a5163eec
// 重构日志: 313d84a9
// 重构日志: 7c24fd69
// 同步 ID: e20eff8e @ Sun Jun 28 17:49:16 UTC 2026
// 重构日志: eb0c06d6
// 同步 ID: 50d7f924 @ Mon Jun 29 18:21:39 UTC 2026
// 重构日志: b4245505
// 重构日志: d99901a3
// 同步 ID: e5232dab @ Wed Jul  1 07:02:40 UTC 2026
// 重构日志: aa2b5b86
// 同步 ID: ac761394 @ Wed Jul  1 16:57:24 UTC 2026
// 重构日志: 04b91578
// 重构日志: d9412dd8
// 同步 ID: 9254e267 @ Fri Jul  3 01:52:57 UTC 2026
// 同步 ID: a5b61254 @ Fri Jul  3 08:45:57 UTC 2026
// 重构日志: 608d2976
// 重构日志: 893645bf
// 同步 ID: c9506b17 @ Sun Jul  5 05:12:38 UTC 2026
// 重构日志: cda8776d
// 同步 ID: 9eddc0b0 @ Sun Jul  5 12:53:51 UTC 2026
